Start testing: Oct 12 19:29 CDT
----------------------------------------------------------
1/3 Testing: clamp_test
1/3 Test: clamp_test
Command: "/home/zerkol/Dev/rocforge/clamp/build/clamp_test"
Directory: /home/zerkol/Dev/rocforge/clamp/build
"clamp_test" start time: Oct 12 19:29 CDT
Output:
----------------------------------------------------------
[ClampAnchor] Unlocked -> Locked @ 2025-10-12 19:29:27 | Lock acquired for context 'scoped-context', seed 6273346839961710939
[ClampAnchor] Locked -> Released @ 2025-10-12 19:29:27 | ~ClampAnchor releasing context 'scoped-context'
[ClampAnchor] Released -> Unlocked @ 2025-10-12 19:29:27 | ~ClampAnchor anchor reset to unlocked
[ClampAnchor] Unlocked -> Locked @ 2025-10-12 19:29:27 | Lock acquired for context 'unit-test', seed 6273346839961740547
[ClampAnchor] Locked -> Released @ 2025-10-12 19:29:27 | release() releasing context 'unit-test'
[ClampAnchor] Released -> Unlocked @ 2025-10-12 19:29:27 | release() anchor reset to unlocked
[ClampAnchor] Unlocked -> Locked @ 2025-10-12 19:29:27 | Lock acquired for context 'cycle-test', seed 6273346839961731692
[ClampAnchor] Locked -> Released @ 2025-10-12 19:29:27 | release() releasing context 'cycle-test'
[ClampAnchor] Released -> Unlocked @ 2025-10-12 19:29:27 | release() anchor reset to unlocked
[ClampAnchor] Unlocked -> Locked @ 2025-10-12 19:29:27 | Lock acquired for context 'cycle-test', seed 6273346839958605651
[ClampAnchor] Locked -> Released @ 2025-10-12 19:29:27 | release() releasing context 'cycle-test'
[ClampAnchor] Released -> Unlocked @ 2025-10-12 19:29:27 | release() anchor reset to unlocked
[ClampAnchor] Unlocked -> Locked @ 2025-10-12 19:29:27 | Lock acquired for context 'thread-0', seed 2047924305848575484
[ClampAnchor] Unlocked -> Locked @ 2025-10-12 19:29:27 | Lock acquired for context 'thread-1', seed 2653608818335454387
[ClampAnchor] Unlocked -> Locked @ 2025-10-12 19:29:27 | Lock acquired for context 'thread-2', seed 7819872291553618140
[ClampAnchor] Unlocked -> Locked @ 2025-10-12 19:29:27 | Lock acquired for context 'thread-3', seed 9468538675397868198
[ClampAnchor] Locked[ClampAnchor] Locked -> Released -> Released @  @ 2025-10-12 19:29:27 | release() releasing context 'thread-1'
2025-10-12 [ClampAnchor] 19:29:27Released -> Unlocked @  | release() releasing context 'thread-0'
2025-10-12 19:29:27 | release() anchor reset to unlocked
[ClampAnchor] Released -> Unlocked @ 2025-10-12 19:29:27 | release() anchor reset to unlocked
[ClampAnchor] Locked -> Released @ 2025-10-12 19:29:27 | release() releasing context 'thread-2'
[ClampAnchor] Released -> Unlocked @ 2025-10-12 19:29:27 | release() anchor reset to unlocked
[ClampAnchor] Locked -> Released @ 2025-10-12 19:29:27 | release() releasing context 'thread-3'
[ClampAnchor] Released -> Unlocked @ 2025-10-12 19:29:27 | release() anchor reset to unlocked
<end of output>
Test time =   0.92 sec
----------------------------------------------------------
Test Passed.
"clamp_test" end time: Oct 12 19:29 CDT
"clamp_test" time elapsed: 00:00:00
----------------------------------------------------------

2/3 Testing: clamp_scoring_test
2/3 Test: clamp_scoring_test
Command: "/home/zerkol/Dev/rocforge/clamp/build/clamp_scoring_test"
Directory: /home/zerkol/Dev/rocforge/clamp/build
"clamp_scoring_test" start time: Oct 12 19:29 CDT
Output:
----------------------------------------------------------
<end of output>
Test time =   0.02 sec
----------------------------------------------------------
Test Passed.
"clamp_scoring_test" end time: Oct 12 19:29 CDT
"clamp_scoring_test" time elapsed: 00:00:00
----------------------------------------------------------

3/3 Testing: clamp_aggregator_test
3/3 Test: clamp_aggregator_test
Command: "/home/zerkol/Dev/rocforge/clamp/build/clamp_aggregator_test"
Directory: /home/zerkol/Dev/rocforge/clamp/build
"clamp_aggregator_test" start time: Oct 12 19:29 CDT
Output:
----------------------------------------------------------
<end of output>
Test time =   0.02 sec
----------------------------------------------------------
Test Passed.
"clamp_aggregator_test" end time: Oct 12 19:29 CDT
"clamp_aggregator_test" time elapsed: 00:00:00
----------------------------------------------------------

End testing: Oct 12 19:29 CDT
