Start testing: Oct 12 22:34 CDT
----------------------------------------------------------
1/7 Testing: clamp_test
1/7 Test: clamp_test
Command: "/home/zerkol/Dev/rocforge/clamp/clamp_test"
Directory: /home/zerkol/Dev/rocforge/clamp
"clamp_test" start time: Oct 12 22:34 CDT
Output:
----------------------------------------------------------
[ClampAnchor] Unlocked -> Locked @ 2025-10-12 22:34:26 | Lock acquired for context 'scoped-context', seed 793688121820400950
[ClampAnchor] Locked -> Released @ 2025-10-12 22:34:26 | ~ClampAnchor releasing context 'scoped-context'
[ClampAnchor] Released -> Unlocked @ 2025-10-12 22:34:26 | ~ClampAnchor anchor reset to unlocked
[ClampAnchor] Unlocked -> Locked @ 2025-10-12 22:34:26 | Lock acquired for context 'unit-test', seed 793688121820550069
[ClampAnchor] Locked -> Released @ 2025-10-12 22:34:26 | release() releasing context 'unit-test'
[ClampAnchor] Released -> Unlocked @ 2025-10-12 22:34:26 | release() anchor reset to unlocked
[ClampAnchor] Unlocked -> Locked @ 2025-10-12 22:34:26 | Lock acquired for context 'cycle-test', seed 793688121820557509
[ClampAnchor] Locked -> Released @ 2025-10-12 22:34:26 | release() releasing context 'cycle-test'
[ClampAnchor] Released -> Unlocked @ 2025-10-12 22:34:26 | release() anchor reset to unlocked
[ClampAnchor] Unlocked -> Locked @ 2025-10-12 22:34:26 | Lock acquired for context 'cycle-test', seed 793688121821619913
[ClampAnchor] Locked -> Released @ 2025-10-12 22:34:26 | release() releasing context 'cycle-test'
[ClampAnchor] Released -> Unlocked @ 2025-10-12 22:34:26 | release() anchor reset to unlocked
[ClampAnchor] Unlocked -> Locked @ 2025-10-12 22:34:26 | Lock acquired for context 'thread-0', seed 530898450068124893
[ClampAnchor] Unlocked -> Locked @ 2025-10-12 22:34:26 | Lock acquired for context 'thread-2', seed 10625177386023964605
[ClampAnchor] Unlocked -> Locked @ 2025-10-12 22:34:26 | Lock acquired for context 'thread-1', seed 3481544015867182828
[ClampAnchor] Unlocked -> Locked @ 2025-10-12 22:34:26 | Lock acquired for context 'thread-3', seed 11406336420297313619
[ClampAnchor] Locked -> Released @ 2025-10-12 22:34:26 | release() releasing context 'thread-0'
[ClampAnchor] Released -> Unlocked @ 2025-10-12 22:34:26 | release() anchor reset to unlocked
[ClampAnchor] Locked -> Released @ 2025-10-12 22:34:26 | release() releasing context 'thread-2'
[ClampAnchor] Released -> Unlocked @ 2025-10-12 22:34:26 | release() anchor reset to unlocked
[ClampAnchor] Locked -> Released @ 2025-10-12 22:34:26 | release() releasing context 'thread-3'
[ClampAnchor] Released -> Unlocked @ 2025-10-12 22:34:26 | release() anchor reset to unlocked
[ClampAnchor] Locked -> Released @ 2025-10-12 22:34:26 | release() releasing context 'thread-1'
[ClampAnchor] Released -> Unlocked @ 2025-10-12 22:34:26 | release() anchor reset to unlocked
<end of output>
Test time =   0.03 sec
----------------------------------------------------------
Test Passed.
"clamp_test" end time: Oct 12 22:34 CDT
"clamp_test" time elapsed: 00:00:00
----------------------------------------------------------

2/7 Testing: clamp_scoring_test
2/7 Test: clamp_scoring_test
Command: "/home/zerkol/Dev/rocforge/clamp/clamp_scoring_test"
Directory: /home/zerkol/Dev/rocforge/clamp
"clamp_scoring_test" start time: Oct 12 22:34 CDT
Output:
----------------------------------------------------------
<end of output>
Test time =   0.02 sec
----------------------------------------------------------
Test Passed.
"clamp_scoring_test" end time: Oct 12 22:34 CDT
"clamp_scoring_test" time elapsed: 00:00:00
----------------------------------------------------------

3/7 Testing: clamp_aggregator_test
3/7 Test: clamp_aggregator_test
Command: "/home/zerkol/Dev/rocforge/clamp/clamp_aggregator_test"
Directory: /home/zerkol/Dev/rocforge/clamp
"clamp_aggregator_test" start time: Oct 12 22:34 CDT
Output:
----------------------------------------------------------
<end of output>
Test time =   0.02 sec
----------------------------------------------------------
Test Passed.
"clamp_aggregator_test" end time: Oct 12 22:34 CDT
"clamp_aggregator_test" time elapsed: 00:00:00
----------------------------------------------------------

4/7 Testing: clamp_aggregator_extended_test
4/7 Test: clamp_aggregator_extended_test
Command: "/home/zerkol/Dev/rocforge/clamp/clamp_aggregator_extended_test"
Directory: /home/zerkol/Dev/rocforge/clamp
"clamp_aggregator_extended_test" start time: Oct 12 22:34 CDT
Output:
----------------------------------------------------------
<end of output>
Test time =   0.02 sec
----------------------------------------------------------
Test Passed.
"clamp_aggregator_extended_test" end time: Oct 12 22:34 CDT
"clamp_aggregator_extended_test" time elapsed: 00:00:00
----------------------------------------------------------

5/7 Testing: clamp_inspect_test
5/7 Test: clamp_inspect_test
Command: "/home/zerkol/Dev/rocforge/clamp/clamp_inspect_test"
Directory: /home/zerkol/Dev/rocforge/clamp
"clamp_inspect_test" start time: Oct 12 22:34 CDT
Output:
----------------------------------------------------------
<end of output>
Test time =   0.09 sec
----------------------------------------------------------
Test Passed.
"clamp_inspect_test" end time: Oct 12 22:34 CDT
"clamp_inspect_test" time elapsed: 00:00:00
----------------------------------------------------------

6/7 Testing: clamp_compare_test
6/7 Test: clamp_compare_test
Command: "/home/zerkol/Dev/rocforge/clamp/clamp_compare_test"
Directory: /home/zerkol/Dev/rocforge/clamp
"clamp_compare_test" start time: Oct 12 22:34 CDT
Output:
----------------------------------------------------------
<end of output>
Test time =   0.02 sec
----------------------------------------------------------
Test Passed.
"clamp_compare_test" end time: Oct 12 22:34 CDT
"clamp_compare_test" time elapsed: 00:00:00
----------------------------------------------------------

7/7 Testing: clamp_phase4_end2end
7/7 Test: clamp_phase4_end2end
Command: "/usr/bin/python3" "/home/zerkol/Dev/rocforge/clamp/tests/test_phase4_end2end.py"
Directory: /home/zerkol/Dev/rocforge/clamp
"clamp_phase4_end2end" start time: Oct 12 22:34 CDT
Output:
----------------------------------------------------------
<end of output>
Test time =   0.54 sec
----------------------------------------------------------
Test Passed.
"clamp_phase4_end2end" end time: Oct 12 22:34 CDT
"clamp_phase4_end2end" time elapsed: 00:00:00
----------------------------------------------------------

End testing: Oct 12 22:34 CDT
