Start testing: Oct 14 19:55 CDT
----------------------------------------------------------
1/6 Testing: clamp_test
1/6 Test: clamp_test
Command: "/home/zerkol/Dev/rocforge/clamp/build-ci/clamp_test"
Directory: /home/zerkol/Dev/rocforge/clamp/build-ci
"clamp_test" start time: Oct 14 19:55 CDT
Output:
----------------------------------------------------------
[ClampAnchor] Unlocked -> Locked @ 2025-10-14 19:55:24 | Lock acquired for context 'scoped-context', seed 10409030540553192677
[ClampAnchor] Locked -> Released @ 2025-10-14 19:55:24 | ~ClampAnchor releasing context 'scoped-context'
[ClampAnchor] Released -> Unlocked @ 2025-10-14 19:55:24 | ~ClampAnchor anchor reset to unlocked
[ClampAnchor] Unlocked -> Locked @ 2025-10-14 19:55:24 | Lock acquired for context 'unit-test', seed 10409030540553032885
[ClampAnchor] Locked -> Released @ 2025-10-14 19:55:24 | release() releasing context 'unit-test'
[ClampAnchor] Released -> Unlocked @ 2025-10-14 19:55:24 | release() anchor reset to unlocked
[ClampAnchor] Unlocked -> Locked @ 2025-10-14 19:55:24 | Lock acquired for context 'cycle-test', seed 10409030540553041224
[ClampAnchor] Locked -> Released @ 2025-10-14 19:55:24 | release() releasing context 'cycle-test'
[ClampAnchor] Released -> Unlocked @ 2025-10-14 19:55:24 | release() anchor reset to unlocked
[ClampAnchor] Unlocked -> Locked @ 2025-10-14 19:55:24 | Lock acquired for context 'cycle-test', seed 10409030540552019047
[ClampAnchor] Locked -> Released @ 2025-10-14 19:55:24 | release() releasing context 'cycle-test'
[ClampAnchor] Released -> Unlocked @ 2025-10-14 19:55:24 | release() anchor reset to unlocked
[ClampAnchor] Unlocked -> Locked @ [ClampAnchor] Unlocked -> Locked @ 2025-10-14 19:55:24 | Lock acquired for context 'thread-1', seed 11585333361235957298
2025-10-14 19:55:24 | Lock acquired for context 'thread-0', seed 4437601302189314848
[ClampAnchor] Unlocked -> Locked @ 2025-10-14 19:55:24 | Lock acquired for context 'thread-2', seed 16320074298278645021
[ClampAnchor] Unlocked -> Locked @ 2025-10-14 19:55:24 | Lock acquired for context 'thread-3', seed 13153391872840255048
[ClampAnchor] Locked -> Released @ 2025-10-14 19:55:24 | release() releasing context 'thread-1'
[ClampAnchor] Released -> Unlocked @ 2025-10-14 19:55:24 | release() anchor reset to unlocked
[ClampAnchor] Locked -> Released @ 2025-10-14 19:55:24 | release() releasing context 'thread-0'
[ClampAnchor] Released -> Unlocked @ 2025-10-14 19:55:24 | release() anchor reset to unlocked
[ClampAnchor] Locked -> Released @ 2025-10-14 19:55:24 | release() releasing context 'thread-3'
[ClampAnchor] Released -> Unlocked @ 2025-10-14 19:55:24 | release() anchor reset to unlocked
[ClampAnchor] Locked -> Released @ 2025-10-14 19:55:24 | release() releasing context 'thread-2'
[ClampAnchor] Released -> Unlocked @ 2025-10-14 19:55:24 | release() anchor reset to unlocked
<end of output>
Test time =   0.95 sec
----------------------------------------------------------
Test Passed.
"clamp_test" end time: Oct 14 19:55 CDT
"clamp_test" time elapsed: 00:00:00
----------------------------------------------------------

2/6 Testing: clamp_scoring_test
2/6 Test: clamp_scoring_test
Command: "/home/zerkol/Dev/rocforge/clamp/build-ci/clamp_scoring_test"
Directory: /home/zerkol/Dev/rocforge/clamp/build-ci
"clamp_scoring_test" start time: Oct 14 19:55 CDT
Output:
----------------------------------------------------------
<end of output>
Test time =   0.02 sec
----------------------------------------------------------
Test Passed.
"clamp_scoring_test" end time: Oct 14 19:55 CDT
"clamp_scoring_test" time elapsed: 00:00:00
----------------------------------------------------------

3/6 Testing: clamp_aggregator_test
3/6 Test: clamp_aggregator_test
Command: "/home/zerkol/Dev/rocforge/clamp/build-ci/clamp_aggregator_test"
Directory: /home/zerkol/Dev/rocforge/clamp/build-ci
"clamp_aggregator_test" start time: Oct 14 19:55 CDT
Output:
----------------------------------------------------------
<end of output>
Test time =   0.02 sec
----------------------------------------------------------
Test Passed.
"clamp_aggregator_test" end time: Oct 14 19:55 CDT
"clamp_aggregator_test" time elapsed: 00:00:00
----------------------------------------------------------

4/6 Testing: rocforge_ci_mode_tests
4/6 Test: rocforge_ci_mode_tests
Command: "/usr/bin/python3" "/home/zerkol/Dev/rocforge/clamp/ci/tests/test_ci_mode.py"
Directory: /home/zerkol/Dev/rocforge/clamp/build-ci
"rocforge_ci_mode_tests" start time: Oct 14 19:55 CDT
Output:
----------------------------------------------------------
...
----------------------------------------------------------------------
Ran 3 tests in 0.011s

OK
[offline] Using matrix ci/rocm_matrix.yml
[resolve] offline mode selected for ubuntu-20.04
ghcr.io/zerkol83/rocm-dev:6.4.4-ubuntu-20.04
[offline] verify ghcr.io/zerkol83/rocm-dev:6.4.4-ubuntu-22.04
{
  "image": "ghcr.io/zerkol83/rocm-dev:6.4.4-ubuntu-22.04",
  "mirror": "ghcr.io/zerkol83/rocm-dev:6.4.4-ubuntu-22.04",
  "canonical": "rocforge/rocm-dev:6.4.4-ubuntu-22.04",
  "tarball": "images/rocm-dev-6.4.4-ubuntu-22.04.tar.gz",
  "mode": "offline",
  "sha256": "dc6c257646e1ed09f4eacff5594b12b8adb4c31f6917d337ca09925d536e629a"
}
[offline] verify ghcr.io/zerkol83/rocm-dev:6.4.4-ubuntu-20.04
{
  "image": "ghcr.io/zerkol83/rocm-dev:6.4.4-ubuntu-20.04",
  "mirror": "ghcr.io/zerkol83/rocm-dev:6.4.4-ubuntu-20.04",
  "canonical": "rocforge/rocm-dev:6.4.4-ubuntu-20.04",
  "tarball": "images/rocm-dev-6.4.4-ubuntu-20.04.tar.gz",
  "mode": "offline",
  "sha256": "dc6c257646e1ed09f4eacff5594b12b8adb4c31f6917d337ca09925d536e629a"
}
[offline] bootstrap complete
{"mode": "offline", "snapshot": "build/rocm_snapshot.json", "timestamp": "2025-10-15T00:55:25Z"}
[offline] Clamp: manifest not found; skipping verification.
[smart] Local ROCm image tarball detected; preferring cached mode.
{"mode": "local", "snapshot": "build/rocm_snapshot.json", "timestamp": "2025-10-15T00:55:25Z"}
[smart] bootstrap completed (mode=local, image=ghcr.io/zerkol83/rocm-dev:6.4.4-ubuntu-20.04).
[smart] Clamp: manifest not found; skipping verification.
<end of output>
Test time =   0.19 sec
----------------------------------------------------------
Test Passed.
"rocforge_ci_mode_tests" end time: Oct 14 19:55 CDT
"rocforge_ci_mode_tests" time elapsed: 00:00:00
----------------------------------------------------------

5/6 Testing: clamp_snapi_tests
5/6 Test: clamp_snapi_tests
Command: "/usr/bin/python3" "-m" "unittest" "discover" "-s" "/home/zerkol/Dev/rocforge/clamp/tests/clamp" "-p" "test_*.py"
Directory: /home/zerkol/Dev/rocforge/clamp/build-ci
"clamp_snapi_tests" start time: Oct 14 19:55 CDT
Output:
----------------------------------------------------------
[✓] SNAPI Loaded — sysmon_snapi v0.4.0
...
----------------------------------------------------------------------
Ran 3 tests in 0.157s

OK
<end of output>
Test time =   0.24 sec
----------------------------------------------------------
Test Passed.
"clamp_snapi_tests" end time: Oct 14 19:55 CDT
"clamp_snapi_tests" time elapsed: 00:00:00
----------------------------------------------------------

6/6 Testing: clamp_cli_tests
6/6 Test: clamp_cli_tests
Command: "/usr/bin/python3" "-m" "unittest" "discover" "-s" "/home/zerkol/Dev/rocforge/clamp/tests/cli" "-p" "test_*.py"
Directory: /home/zerkol/Dev/rocforge/clamp/build-ci
"clamp_cli_tests" start time: Oct 14 19:55 CDT
Output:
----------------------------------------------------------
...
----------------------------------------------------------------------
Ran 3 tests in 0.026s

OK
<end of output>
Test time =   0.10 sec
----------------------------------------------------------
Test Passed.
"clamp_cli_tests" end time: Oct 14 19:55 CDT
"clamp_cli_tests" time elapsed: 00:00:00
----------------------------------------------------------

End testing: Oct 14 19:55 CDT
